<?xml version="1.0" encoding="UTF-8"?>
<!-- Generated by org.testng.reporters.JUnitReportReporter -->
<testsuite hostname="DESKTOP-HCVDGHA" failures="0" tests="3" name="Test.WholeSalePriceChangeTest" time="41.520" errors="0" timestamp="2022-08-03T01:40:26 IST" skipped="0">
  <testcase classname="Test.WholeSalePriceChangeTest" name="sampleTest" time="0.007"/>
  <system-out>
    <![CDATA[I am in Mpos Test]]>
  </system-out>
  <testcase classname="Test.WholeSalePriceChangeTest" name="LoginTest" time="13.343"/>
  <system-out>
    <![CDATA[Username entered
password entered
Login button clicked
Valid login details entered
Login page opened successfully
Home Page Displayed Successfully
Home]]>
  </system-out>
  <testcase classname="Test.WholeSalePriceChangeTest" name="Wholesaleprice" time="28.170"/>
  <system-out>
    <![CDATA[Billing UI Displayed Successful
Billing
Add New Customer
Quick item started Successfully
Quick items icon selected
Item added Successfully
Price type tab clicked
Price type changed to WholeSale Price
Payment method started
Proceed button Clicked
Payment mode Clicked
Paymentmode selected
Payment save button clicked
Complete without print button clicked
Notes tab sucessfully clicked
save button clicked
Done button Clicked]]>
  </system-out>
</testsuite> <!-- Test.WholeSalePriceChangeTest -->
