<?xml version="1.0" encoding="UTF-8"?>
<!-- Generated by org.testng.reporters.JUnitReportReporter -->
<testsuite hostname="DESKTOP-HCVDGHA" failures="0" tests="3" name="Test.AddNewCustomer" time="23.210" errors="0" timestamp="2022-08-03T00:49:34 IST" skipped="0">
  <testcase classname="Test.AddNewCustomer" name="sampleTest" time="0.003"/>
  <system-out>
    <![CDATA[sampleTest method started
I am in Mpos Test]]>
  </system-out>
  <testcase classname="Test.AddNewCustomer" name="LoginTest" time="13.254"/>
  <system-out>
    <![CDATA[LoginTest method started
Username entered
password entered
Login button clicked
Valid login details entered
Login page opened successfully
Home Page Displayed Successfully
Home]]>
  </system-out>
  <testcase classname="Test.AddNewCustomer" name="AddnewCust" time="9.953"/>
  <system-out>
    <![CDATA[AddnewCust method started
Billing UI Displayed Successful
Billing
Add New Customer]]>
  </system-out>
</testsuite> <!-- Test.AddNewCustomer -->
