<?xml version="1.0" encoding="UTF-8"?>
<!-- Generated by org.testng.reporters.JUnitReportReporter -->
<testsuite hostname="DESKTOP-HCVDGHA" failures="0" tests="3" name="Test.HomeTest" time="19.079" errors="0" timestamp="2022-08-29T11:16:02 IST" skipped="0">
  <testcase classname="Test.HomeTest" name="sampleTest" time="0.007"/>
  <system-out>
    <![CDATA[I am in Mpos Test]]>
  </system-out>
  <testcase classname="Test.HomeTest" name="LoginTest" time="11.378"/>
  <system-out>
    <![CDATA[Username entered
password entered
Login button clicked
Valid login details entered
Login page opened successfully
Home Page Displayed Successfully
Home]]>
  </system-out>
  <testcase classname="Test.HomeTest" name="HomeScreen" time="7.694"/>
  <system-out>
    <![CDATA[Billing UI Displayed Successful
Billing]]>
  </system-out>
</testsuite> <!-- Test.HomeTest -->
