<?xml version="1.0" encoding="UTF-8"?>
<!-- Generated by org.testng.reporters.JUnitReportReporter -->
<testsuite hostname="DESKTOP-HCVDGHA" failures="0" tests="3" name="Test.AddCustomer" time="17.171" errors="0" timestamp="2022-08-04T01:03:29 IST" skipped="0">
  <testcase classname="Test.AddCustomer" name="sampleTest" time="0.006"/>
  <system-out>
    <![CDATA[I am in Mpos Test]]>
  </system-out>
  <testcase classname="Test.AddCustomer" name="LoginTest" time="12.707"/>
  <system-out>
    <![CDATA[Username entered
password entered
Login button clicked
Valid login details entered
Login page opened successfully
Home Page Displayed Successfully
Home]]>
  </system-out>
  <testcase classname="Test.AddCustomer" name="AddCust" time="4.458"/>
  <system-out>
    <![CDATA[Billing UI Displayed Successful]]>
  </system-out>
</testsuite> <!-- Test.AddCustomer -->
