<?xml version="1.0" encoding="UTF-8"?>
<!-- Generated by org.testng.reporters.JUnitReportReporter -->
<testsuite hostname="DESKTOP-HCVDGHA" failures="0" tests="1" name="Test.BaseClass" time="0.007" errors="0" timestamp="2022-08-29T11:13:33 IST" skipped="0">
  <testcase classname="Test.BaseClass" name="sampleTest" time="0.007"/>
  <system-out>
    <![CDATA[I am in Mpos Test]]>
  </system-out>
</testsuite> <!-- Test.BaseClass -->
