<?xml version="1.0" encoding="UTF-8"?>
<!-- Generated by org.testng.reporters.JUnitReportReporter -->
<testsuite hostname="DESKTOP-HCVDGHA" failures="0" tests="3" name="Test.Refund" time="188.429" errors="0" timestamp="2022-07-28T18:59:08 IST" skipped="0">
  <testcase classname="Test.Refund" name="sampleTest" time="3.009"/>
  <system-out>
    <![CDATA[I am in Mpos Test]]>
  </system-out>
  <testcase classname="Test.Refund" name="LoginTest" time="53.591"/>
  <system-out>
    <![CDATA[Username entered
password entered
Login button clicked
Valid login details entered
Login page opened successfully
Home Page Displayed Successfully
Home]]>
  </system-out>
  <testcase classname="Test.Refund" name="Refundmethod" time="131.829"/>
  <system-out/>
</testsuite> <!-- Test.Refund -->
