<?xml version="1.0" encoding="UTF-8"?>
<!-- Generated by org.testng.reporters.JUnitReportReporter -->
<testsuite hostname="DESKTOP-HCVDGHA" failures="0" tests="3" name="Test.PriceTypeChangeTest" time="39.289" errors="0" timestamp="2022-08-03T00:49:34 IST" skipped="0">
  <testcase classname="Test.PriceTypeChangeTest" name="sampleTest" time="0.003"/>
  <system-out>
    <![CDATA[sampleTest method started
I am in Mpos Test]]>
  </system-out>
  <testcase classname="Test.PriceTypeChangeTest" name="LoginTest" time="12.586"/>
  <system-out>
    <![CDATA[LoginTest method started
Username entered
password entered
Login button clicked
Valid login details entered
Login page opened successfully
Home Page Displayed Successfully
Home]]>
  </system-out>
  <testcase classname="Test.PriceTypeChangeTest" name="RetailType" time="26.700"/>
  <system-out>
    <![CDATA[RetailType method started
Billing UI Displayed Successful
Billing
Add New Customer
Quick item started Successfully
Quick items icon selected
Item added Successfully
Price type tab clicked
Price type changed
Payment method started
Proceed button Clicked
Payment mode Clicked
Paymentmode selected
Payment save button clicked
Complete without print button clicked
Notes tab sucessfully clicked
save button clicked
Done button Clicked]]>
  </system-out>
</testsuite> <!-- Test.PriceTypeChangeTest -->
