<?xml version="1.0" encoding="UTF-8"?>
<!-- Generated by org.testng.reporters.JUnitReportReporter -->
<testsuite hostname="DESKTOP-HCVDGHA" failures="0" tests="3" name="Test.QuickItems" time="26.476" errors="0" timestamp="2022-08-03T00:50:31 IST" skipped="0">
  <testcase classname="Test.QuickItems" name="sampleTest" time="0.005"/>
  <system-out>
    <![CDATA[I am in Mpos Test]]>
  </system-out>
  <testcase classname="Test.QuickItems" name="LoginTest" time="12.762"/>
  <system-out>
    <![CDATA[Username entered
password entered
Login button clicked
Valid login details entered
Login page opened successfully
Home Page Displayed Successfully
Home]]>
  </system-out>
  <testcase classname="Test.QuickItems" name="Quick" time="13.709"/>
  <system-out>
    <![CDATA[Billing UI Displayed Successful
Billing
Add New Customer
Quick item started Successfully
Quick items icon selected
Item added Successfully]]>
  </system-out>
</testsuite> <!-- Test.QuickItems -->
